2023-11-10 16:19:31,682 DEBUG    root            Loaded Command Group: ['gcloud', 'app']
2023-11-10 16:19:32,172 DEBUG    root            Loaded Command Group: ['gcloud', 'app', 'deploy']
2023-11-10 16:19:32,175 DEBUG    root            Running [gcloud.app.deploy] with arguments: []
2023-11-10 16:19:32,246 DEBUG    root            Loading runtimes experiment config from [gs://runtime-builders/experiments.yaml]
2023-11-10 16:19:32,286 INFO     root            Reading [<googlecloudsdk.api_lib.storage.storage_util.ObjectReference object at 0x000001B5B7745F70>]
2023-11-10 16:19:32,602 DEBUG    root            Flex image build option: FlexImageBuildOptions.ON_SERVER
2023-11-10 16:19:32,623 DEBUG    root            API endpoint: [https://appengine.googleapis.com/], API version: [v1]
2023-11-10 16:19:33,388 INFO     ___FILE_ONLY___ Services to deploy:


2023-11-10 16:19:33,391 INFO     ___FILE_ONLY___ descriptor:                  [D:\projects\GCP\workspace\deploy-nodejs-gcp\bookshelf\app.yaml]
source:                      [D:\projects\GCP\workspace\deploy-nodejs-gcp\bookshelf]
target project:              [fleet-space-404401]
target service:              [bookshelf]
target version:              [20231110t161933]
target url:                  [https://bookshelf-dot-fleet-space-404401.uc.r.appspot.com]
target service account:      [fleet-space-404401@appspot.gserviceaccount.com]



2023-11-10 16:19:35,243 DEBUG    root            No bucket specified, retrieving default bucket.
2023-11-10 16:19:35,246 DEBUG    root            Using bucket [gs://staging.fleet-space-404401.appspot.com].
2023-11-10 16:19:35,574 INFO     ___FILE_ONLY___ Beginning deployment of service [bookshelf]...

2023-11-10 16:19:35,578 INFO     root            Using ignore file at [D:\projects\GCP\workspace\deploy-nodejs-gcp\bookshelf\.gcloudignore].
2023-11-10 16:19:35,583 DEBUG    root            Skipping file [.gcloudignore]
2023-11-10 16:19:35,584 DEBUG    root            Skipping file [.gitignore]
2023-11-10 16:19:35,597 DEBUG    root            Skipping file [logs]
2023-11-10 16:19:35,597 DEBUG    root            Skipping file [node_modules]
2023-11-10 16:19:36,524 DEBUG    root            Skipping upload of [.dockerignore]
2023-11-10 16:19:36,524 INFO     root            Incremental upload skipped 100.0% of data
2023-11-10 16:19:36,524 DEBUG    root            Skipping upload of [.env]
2023-11-10 16:19:36,524 INFO     root            Incremental upload skipped 100.0% of data
2023-11-10 16:19:36,525 DEBUG    root            Skipping upload of [.eslintignore]
2023-11-10 16:19:36,525 INFO     root            Incremental upload skipped 100.0% of data
2023-11-10 16:19:36,525 DEBUG    root            Skipping upload of [.last_opt_in_prompt.yaml]
2023-11-10 16:19:36,525 INFO     root            Incremental upload skipped 100.0% of data
2023-11-10 16:19:36,525 DEBUG    root            Skipping upload of [.last_survey_prompt.yaml]
2023-11-10 16:19:36,525 INFO     root            Incremental upload skipped 100.0% of data
2023-11-10 16:19:36,525 DEBUG    root            Skipping upload of [.last_update_check.json]
2023-11-10 16:19:36,526 INFO     root            Incremental upload skipped 100.0% of data
2023-11-10 16:19:36,526 DEBUG    root            Skipping upload of [.metricsUUID]
2023-11-10 16:19:36,526 INFO     root            Incremental upload skipped 100.0% of data
2023-11-10 16:19:36,526 DEBUG    root            Skipping upload of [access_tokens.db]
2023-11-10 16:19:36,526 INFO     root            Incremental upload skipped 100.0% of data
2023-11-10 16:19:36,526 DEBUG    root            Skipping upload of [active_config]
2023-11-10 16:19:36,526 INFO     root            Incremental upload skipped 100.0% of data
2023-11-10 16:19:36,526 DEBUG    root            Skipping upload of [app.flex.yaml]
2023-11-10 16:19:36,526 INFO     root            Incremental upload skipped 100.0% of data
2023-11-10 16:19:36,527 DEBUG    root            Skipping upload of [app.js]
2023-11-10 16:19:36,527 INFO     root            Incremental upload skipped 100.0% of data
2023-11-10 16:19:36,527 INFO     root            Incremental upload skipped 95.11% of data
2023-11-10 16:19:36,527 DEBUG    root            Skipping upload of [config_sentinel]
2023-11-10 16:19:36,527 INFO     root            Incremental upload skipped 95.11% of data
2023-11-10 16:19:36,527 DEBUG    root            Skipping upload of [credentials.db]
2023-11-10 16:19:36,527 INFO     root            Incremental upload skipped 97.2% of data
2023-11-10 16:19:36,527 DEBUG    root            Skipping upload of [default_configs.db]
2023-11-10 16:19:36,528 INFO     root            Incremental upload skipped 98.04% of data
2023-11-10 16:19:36,528 DEBUG    root            Skipping upload of [Dockerfile]
2023-11-10 16:19:36,528 INFO     root            Incremental upload skipped 98.06% of data
2023-11-10 16:19:36,528 DEBUG    root            Skipping upload of [gce]
2023-11-10 16:19:36,528 INFO     root            Incremental upload skipped 98.06% of data
2023-11-10 16:19:36,528 DEBUG    root            Skipping upload of [LICENSE]
2023-11-10 16:19:36,528 INFO     root            Incremental upload skipped 98.48% of data
2023-11-10 16:19:36,528 DEBUG    root            Skipping upload of [package-lock.json]
2023-11-10 16:19:36,528 INFO     root            Incremental upload skipped 99.64% of data
2023-11-10 16:19:36,529 DEBUG    root            Skipping upload of [package.json]
2023-11-10 16:19:36,529 INFO     root            Incremental upload skipped 99.64% of data
2023-11-10 16:19:36,529 DEBUG    root            Skipping upload of [preExecute.sh]
2023-11-10 16:19:36,529 INFO     root            Incremental upload skipped 99.64% of data
2023-11-10 16:19:36,529 DEBUG    root            Skipping upload of [README.md]
2023-11-10 16:19:36,529 INFO     root            Incremental upload skipped 99.64% of data
2023-11-10 16:19:36,529 DEBUG    root            Skipping upload of [yarn.lock]
2023-11-10 16:19:36,529 INFO     root            Incremental upload skipped 99.75% of data
2023-11-10 16:19:36,529 DEBUG    root            Skipping upload of [.secret/SA-idubi-dev.json]
2023-11-10 16:19:36,530 INFO     root            Incremental upload skipped 99.76% of data
2023-11-10 16:19:36,530 DEBUG    root            Skipping upload of [books/api.js]
2023-11-10 16:19:36,530 INFO     root            Incremental upload skipped 99.76% of data
2023-11-10 16:19:36,530 DEBUG    root            Skipping upload of [books/crud.js]
2023-11-10 16:19:36,530 INFO     root            Incremental upload skipped 99.76% of data
2023-11-10 16:19:36,530 DEBUG    root            Skipping upload of [books/firestore.js]
2023-11-10 16:19:36,530 INFO     root            Incremental upload skipped 99.76% of data
2023-11-10 16:19:36,530 DEBUG    root            Skipping upload of [configurations/config_default]
2023-11-10 16:19:36,530 INFO     root            Incremental upload skipped 99.76% of data
2023-11-10 16:19:36,531 DEBUG    root            Skipping upload of [gke/deployment-with-affinity.yaml]
2023-11-10 16:19:36,531 INFO     root            Incremental upload skipped 99.76% of data
2023-11-10 16:19:36,531 DEBUG    root            Skipping upload of [gke/deployment.yaml]
2023-11-10 16:19:36,531 INFO     root            Incremental upload skipped 99.76% of data
2023-11-10 16:19:36,531 DEBUG    root            Skipping upload of [gke/ingress.yaml]
2023-11-10 16:19:36,531 INFO     root            Incremental upload skipped 99.76% of data
2023-11-10 16:19:36,531 DEBUG    root            Skipping upload of [gke/managed-cert.yaml]
2023-11-10 16:19:36,531 INFO     root            Incremental upload skipped 99.76% of data
2023-11-10 16:19:36,531 DEBUG    root            Skipping upload of [gke/service-lb.yaml]
2023-11-10 16:19:36,531 INFO     root            Incremental upload skipped 99.76% of data
2023-11-10 16:19:36,532 DEBUG    root            Skipping upload of [gke/service-nodeport.yaml]
2023-11-10 16:19:36,532 INFO     root            Incremental upload skipped 99.76% of data
2023-11-10 16:19:36,532 DEBUG    root            Skipping upload of [legacy_credentials/idubi.spam@gmail.com/.boto]
2023-11-10 16:19:36,532 INFO     root            Incremental upload skipped 99.76% of data
2023-11-10 16:19:36,532 DEBUG    root            Skipping upload of [legacy_credentials/idubi.spam@gmail.com/adc.json]
2023-11-10 16:19:36,532 INFO     root            Incremental upload skipped 99.76% of data
2023-11-10 16:19:36,532 DEBUG    root            Skipping upload of [lib/images.js]
2023-11-10 16:19:36,532 INFO     root            Incremental upload skipped 99.77% of data
2023-11-10 16:19:36,533 DEBUG    root            Skipping upload of [test/app.test.js]
2023-11-10 16:19:36,533 INFO     root            Incremental upload skipped 99.77% of data
2023-11-10 16:19:36,533 DEBUG    root            Skipping upload of [views/base.pug]
2023-11-10 16:19:36,533 INFO     root            Incremental upload skipped 99.77% of data
2023-11-10 16:19:36,533 DEBUG    root            Skipping upload of [views/books/form.pug]
2023-11-10 16:19:36,533 INFO     root            Incremental upload skipped 99.77% of data
2023-11-10 16:19:36,533 DEBUG    root            Skipping upload of [views/books/list.pug]
2023-11-10 16:19:36,533 INFO     root            Incremental upload skipped 99.77% of data
2023-11-10 16:19:36,533 DEBUG    root            Skipping upload of [views/books/view.pug]
2023-11-10 16:19:36,534 INFO     root            Incremental upload skipped 99.77% of data
2023-11-10 16:19:36,534 DEBUG    root            Skipping upload of [source-context.json]
2023-11-10 16:19:36,534 INFO     root            Incremental upload skipped 99.77% of data
2023-11-10 16:19:36,534 DEBUG    root            Uploading 1 file to Google Cloud Storage
2023-11-10 16:19:36,534 DEBUG    root            Using [16] threads
2023-11-10 16:19:36,536 INFO     ___FILE_ONLY___ #============================================================#

2023-11-10 16:19:36,536 INFO     ___FILE_ONLY___ #= Uploading 1 file to Google Cloud Storage                 =#

2023-11-10 16:19:36,537 INFO     ___FILE_ONLY___ #
2023-11-10 16:19:36,547 INFO     root            Uploading [D:\projects\GCP\workspace\deploy-nodejs-gcp\bookshelf\app.yaml] to [staging.fleet-space-404401.appspot.com/e72ee7f15492363d17480273a8472fcb8bd91250]
2023-11-10 16:19:36,948 INFO     ___FILE_ONLY___ ============================================================
2023-11-10 16:19:36,948 INFO     ___FILE_ONLY___ #

2023-11-10 16:19:36,962 INFO     ___FILE_ONLY___ File upload done.

2023-11-10 16:19:36,963 INFO     root            Manifest: [{'.dockerignore': {'sourceUrl': 'https://storage.googleapis.com/staging.fleet-space-404401.appspot.com/8d431bed95fcae2bf1514f8cd4ecdacd2a560008', 'sha1Sum': '8d431bed95fcae2bf1514f8cd4ecdacd2a560008'}, '.env': {'sourceUrl': 'https://storage.googleapis.com/staging.fleet-space-404401.appspot.com/df06da8763a4029767d57e19946a567ba6fe0e56', 'sha1Sum': 'df06da8763a4029767d57e19946a567ba6fe0e56'}, '.eslintignore': {'sourceUrl': 'https://storage.googleapis.com/staging.fleet-space-404401.appspot.com/f7c0844463021d5ceef03cda7e3f19ccae37c34c', 'sha1Sum': 'f7c0844463021d5ceef03cda7e3f19ccae37c34c'}, '.last_opt_in_prompt.yaml': {'sourceUrl': 'https://storage.googleapis.com/staging.fleet-space-404401.appspot.com/3d11ffbf9fa0c9dea47b67e92e83fac18e91b8bb', 'sha1Sum': '3d11ffbf9fa0c9dea47b67e92e83fac18e91b8bb'}, '.last_survey_prompt.yaml': {'sourceUrl': 'https://storage.googleapis.com/staging.fleet-space-404401.appspot.com/f77ca02810c7e20f9206f56a161976bae4d72afd', 'sha1Sum': 'f77ca02810c7e20f9206f56a161976bae4d72afd'}, '.last_update_check.json': {'sourceUrl': 'https://storage.googleapis.com/staging.fleet-space-404401.appspot.com/72e4cc0414abb39b7fc5e8289143ceb0abfaa7d0', 'sha1Sum': '72e4cc0414abb39b7fc5e8289143ceb0abfaa7d0'}, '.metricsUUID': {'sourceUrl': 'https://storage.googleapis.com/staging.fleet-space-404401.appspot.com/847db82360d385afd29e8a1228022855ca507e03', 'sha1Sum': '847db82360d385afd29e8a1228022855ca507e03'}, 'access_tokens.db': {'sourceUrl': 'https://storage.googleapis.com/staging.fleet-space-404401.appspot.com/531b50f974d1f99d82f10e2e49e6b1a8e3482df3', 'sha1Sum': '531b50f974d1f99d82f10e2e49e6b1a8e3482df3'}, 'active_config': {'sourceUrl': 'https://storage.googleapis.com/staging.fleet-space-404401.appspot.com/7505d64a54e061b7acd54ccd58b49dc43500b635', 'sha1Sum': '7505d64a54e061b7acd54ccd58b49dc43500b635'}, 'app.flex.yaml': {'sourceUrl': 'https://storage.googleapis.com/staging.fleet-space-404401.appspot.com/d3085b98a6554f8f92791605f6788cda5cae9efa', 'sha1Sum': 'd3085b98a6554f8f92791605f6788cda5cae9efa'}, 'app.js': {'sourceUrl': 'https://storage.googleapis.com/staging.fleet-space-404401.appspot.com/b532c0df0ab202ff7541033c4f49754dce2859ee', 'sha1Sum': 'b532c0df0ab202ff7541033c4f49754dce2859ee'}, 'app.yaml': {'sourceUrl': 'https://storage.googleapis.com/staging.fleet-space-404401.appspot.com/e72ee7f15492363d17480273a8472fcb8bd91250', 'sha1Sum': 'e72ee7f15492363d17480273a8472fcb8bd91250'}, 'config_sentinel': {'sourceUrl': 'https://storage.googleapis.com/staging.fleet-space-404401.appspot.com/da39a3ee5e6b4b0d3255bfef95601890afd80709', 'sha1Sum': 'da39a3ee5e6b4b0d3255bfef95601890afd80709'}, 'credentials.db': {'sourceUrl': 'https://storage.googleapis.com/staging.fleet-space-404401.appspot.com/670479ff337b18f40d961e9638d02d27aad4d5dd', 'sha1Sum': '670479ff337b18f40d961e9638d02d27aad4d5dd'}, 'default_configs.db': {'sourceUrl': 'https://storage.googleapis.com/staging.fleet-space-404401.appspot.com/a933a2688e63e43445a83d18d2bc43d35f1a8ec1', 'sha1Sum': 'a933a2688e63e43445a83d18d2bc43d35f1a8ec1'}, 'Dockerfile': {'sourceUrl': 'https://storage.googleapis.com/staging.fleet-space-404401.appspot.com/92261d3c17dfc2959fd86dd1a5962cd340d04074', 'sha1Sum': '92261d3c17dfc2959fd86dd1a5962cd340d04074'}, 'gce': {'sourceUrl': 'https://storage.googleapis.com/staging.fleet-space-404401.appspot.com/97cdbdc7feff827efb082a6b6dd2727237cd49fd', 'sha1Sum': '97cdbdc7feff827efb082a6b6dd2727237cd49fd'}, 'LICENSE': {'sourceUrl': 'https://storage.googleapis.com/staging.fleet-space-404401.appspot.com/47b573e3824cd5e02a1a3ae99e2735b49e0256e4', 'sha1Sum': '47b573e3824cd5e02a1a3ae99e2735b49e0256e4'}, 'package-lock.json': {'sourceUrl': 'https://storage.googleapis.com/staging.fleet-space-404401.appspot.com/e91b17358a57b16f2b72a893beacce6d846d5585', 'sha1Sum': 'e91b17358a57b16f2b72a893beacce6d846d5585'}, 'package.json': {'sourceUrl': 'https://storage.googleapis.com/staging.fleet-space-404401.appspot.com/2794adc46b0f035b63ecb1685ba85b44009ba321', 'sha1Sum': '2794adc46b0f035b63ecb1685ba85b44009ba321'}, 'preExecute.sh': {'sourceUrl': 'https://storage.googleapis.com/staging.fleet-space-404401.appspot.com/919f73095b4e50512efd3c8a3fc5e33242f83bae', 'sha1Sum': '919f73095b4e50512efd3c8a3fc5e33242f83bae'}, 'README.md': {'sourceUrl': 'https://storage.googleapis.com/staging.fleet-space-404401.appspot.com/c3f87cff14e70baf875105c775e172d8333631c9', 'sha1Sum': 'c3f87cff14e70baf875105c775e172d8333631c9'}, 'yarn.lock': {'sourceUrl': 'https://storage.googleapis.com/staging.fleet-space-404401.appspot.com/e5708be97187c28c90bf5a06409753f2fe00ba05', 'sha1Sum': 'e5708be97187c28c90bf5a06409753f2fe00ba05'}, '.secret/SA-idubi-dev.json': {'sourceUrl': 'https://storage.googleapis.com/staging.fleet-space-404401.appspot.com/759100016df1f426b09b32311e367c55561309ee', 'sha1Sum': '759100016df1f426b09b32311e367c55561309ee'}, 'books/api.js': {'sourceUrl': 'https://storage.googleapis.com/staging.fleet-space-404401.appspot.com/6631a447496996991897752df79f560b11dfce43', 'sha1Sum': '6631a447496996991897752df79f560b11dfce43'}, 'books/crud.js': {'sourceUrl': 'https://storage.googleapis.com/staging.fleet-space-404401.appspot.com/5e3723f3b6a34445ca07b59baaeefb50826836d5', 'sha1Sum': '5e3723f3b6a34445ca07b59baaeefb50826836d5'}, 'books/firestore.js': {'sourceUrl': 'https://storage.googleapis.com/staging.fleet-space-404401.appspot.com/e7b3661d7e95f218168e6c502eb83c287db2d1a4', 'sha1Sum': 'e7b3661d7e95f218168e6c502eb83c287db2d1a4'}, 'configurations/config_default': {'sourceUrl': 'https://storage.googleapis.com/staging.fleet-space-404401.appspot.com/8ecf4f6d4f229a1209b21696787fdd0557c87165', 'sha1Sum': '8ecf4f6d4f229a1209b21696787fdd0557c87165'}, 'gke/deployment-with-affinity.yaml': {'sourceUrl': 'https://storage.googleapis.com/staging.fleet-space-404401.appspot.com/12273f7aea92da68caae3c4dcf48817bf4ba1ff0', 'sha1Sum': '12273f7aea92da68caae3c4dcf48817bf4ba1ff0'}, 'gke/deployment.yaml': {'sourceUrl': 'https://storage.googleapis.com/staging.fleet-space-404401.appspot.com/296ec882926031dabb02c7aa00ac0c889b2a9f95', 'sha1Sum': '296ec882926031dabb02c7aa00ac0c889b2a9f95'}, 'gke/ingress.yaml': {'sourceUrl': 'https://storage.googleapis.com/staging.fleet-space-404401.appspot.com/e40c11d3b26e1936c2b143a6526776609effb933', 'sha1Sum': 'e40c11d3b26e1936c2b143a6526776609effb933'}, 'gke/managed-cert.yaml': {'sourceUrl': 'https://storage.googleapis.com/staging.fleet-space-404401.appspot.com/13542c1ad14f92110af4bbf0e808701ed0f17576', 'sha1Sum': '13542c1ad14f92110af4bbf0e808701ed0f17576'}, 'gke/service-lb.yaml': {'sourceUrl': 'https://storage.googleapis.com/staging.fleet-space-404401.appspot.com/e4ce4998e42723578152de61b03994b0ff0b5605', 'sha1Sum': 'e4ce4998e42723578152de61b03994b0ff0b5605'}, 'gke/service-nodeport.yaml': {'sourceUrl': 'https://storage.googleapis.com/staging.fleet-space-404401.appspot.com/73243f43c749ef0ff017f6c982ac70ff02700735', 'sha1Sum': '73243f43c749ef0ff017f6c982ac70ff02700735'}, 'legacy_credentials/idubi.spam@gmail.com/.boto': {'sourceUrl': 'https://storage.googleapis.com/staging.fleet-space-404401.appspot.com/da31ca1b4c78574eff82daa6bbd472595e19fd90', 'sha1Sum': 'da31ca1b4c78574eff82daa6bbd472595e19fd90'}, 'legacy_credentials/idubi.spam@gmail.com/adc.json': {'sourceUrl': 'https://storage.googleapis.com/staging.fleet-space-404401.appspot.com/fcc3125f66fbec0bbee98230b6f087032e483c07', 'sha1Sum': 'fcc3125f66fbec0bbee98230b6f087032e483c07'}, 'lib/images.js': {'sourceUrl': 'https://storage.googleapis.com/staging.fleet-space-404401.appspot.com/d4d0fb0c2412a95a24094457d4728d002dc9c5d6', 'sha1Sum': 'd4d0fb0c2412a95a24094457d4728d002dc9c5d6'}, 'test/app.test.js': {'sourceUrl': 'https://storage.googleapis.com/staging.fleet-space-404401.appspot.com/7096cdfd3f3319dde4f46f97fbf90b88762afbf9', 'sha1Sum': '7096cdfd3f3319dde4f46f97fbf90b88762afbf9'}, 'views/base.pug': {'sourceUrl': 'https://storage.googleapis.com/staging.fleet-space-404401.appspot.com/5f829d3d8f42061e2e5fff2f793f8e4a5ab8942a', 'sha1Sum': '5f829d3d8f42061e2e5fff2f793f8e4a5ab8942a'}, 'views/books/form.pug': {'sourceUrl': 'https://storage.googleapis.com/staging.fleet-space-404401.appspot.com/1ebd94c51c47c8873b7c6cfe8eb763e49c29d04e', 'sha1Sum': '1ebd94c51c47c8873b7c6cfe8eb763e49c29d04e'}, 'views/books/list.pug': {'sourceUrl': 'https://storage.googleapis.com/staging.fleet-space-404401.appspot.com/72d31da7724942e4170c3d94565f52ad7290c56f', 'sha1Sum': '72d31da7724942e4170c3d94565f52ad7290c56f'}, 'views/books/view.pug': {'sourceUrl': 'https://storage.googleapis.com/staging.fleet-space-404401.appspot.com/776d98eeb9bca99778055b6ceece55ca8b658a39', 'sha1Sum': '776d98eeb9bca99778055b6ceece55ca8b658a39'}, 'source-context.json': {'sourceUrl': 'https://storage.googleapis.com/staging.fleet-space-404401.appspot.com/aaa21993871e132c8d2d1fc9e3bfc43c154592ec', 'sha1Sum': 'aaa21993871e132c8d2d1fc9e3bfc43c154592ec'}}]
2023-11-10 16:19:36,964 DEBUG    root            Converted YAML to JSON: "{
  "entrypoint": {
    "shell": ""
  },
  "handlers": [
    {
      "redirectHttpResponseCode": "REDIRECT_HTTP_RESPONSE_CODE_301",
      "script": {
        "scriptPath": "auto"
      },
      "securityLevel": "SECURE_ALWAYS",
      "urlRegex": "/.*"
    }
  ],
  "instanceClass": "F2",
  "runtime": "nodejs20"
}"
2023-11-10 16:19:37,468 DEBUG    root            Operation [apps/fleet-space-404401/operations/7d9fb53b-9871-47a6-a3c1-aec8f241c84e] not complete. Waiting to retry.
2023-11-10 16:19:37,486 INFO     ___FILE_ONLY___ Updating service [bookshelf]...
2023-11-10 16:19:38,862 DEBUG    root            Operation [apps/fleet-space-404401/operations/7d9fb53b-9871-47a6-a3c1-aec8f241c84e] not complete. Waiting to retry.
2023-11-10 16:19:44,874 DEBUG    root            Operation [apps/fleet-space-404401/operations/7d9fb53b-9871-47a6-a3c1-aec8f241c84e] not complete. Waiting to retry.
2023-11-10 16:19:50,936 DEBUG    root            Operation [apps/fleet-space-404401/operations/7d9fb53b-9871-47a6-a3c1-aec8f241c84e] not complete. Waiting to retry.
2023-11-10 16:19:56,646 DEBUG    root            Operation [apps/fleet-space-404401/operations/7d9fb53b-9871-47a6-a3c1-aec8f241c84e] not complete. Waiting to retry.
2023-11-10 16:20:02,503 DEBUG    root            Operation [apps/fleet-space-404401/operations/7d9fb53b-9871-47a6-a3c1-aec8f241c84e] not complete. Waiting to retry.
2023-11-10 16:20:07,926 DEBUG    root            Operation [apps/fleet-space-404401/operations/7d9fb53b-9871-47a6-a3c1-aec8f241c84e] not complete. Waiting to retry.
2023-11-10 16:20:13,397 DEBUG    root            Operation [apps/fleet-space-404401/operations/7d9fb53b-9871-47a6-a3c1-aec8f241c84e] not complete. Waiting to retry.
2023-11-10 16:20:19,426 DEBUG    root            Operation [apps/fleet-space-404401/operations/7d9fb53b-9871-47a6-a3c1-aec8f241c84e] not complete. Waiting to retry.
2023-11-10 16:20:25,621 DEBUG    root            Operation [apps/fleet-space-404401/operations/7d9fb53b-9871-47a6-a3c1-aec8f241c84e] not complete. Waiting to retry.
2023-11-10 16:20:31,597 DEBUG    root            Operation [apps/fleet-space-404401/operations/7d9fb53b-9871-47a6-a3c1-aec8f241c84e] complete. Result: {
    "done": true,
    "metadata": {
        "@type": "type.googleapis.com/google.appengine.v1.OperationMetadataV1",
        "endTime": "2023-11-10T14:20:26.591Z",
        "insertTime": "2023-11-10T14:19:37.571Z",
        "method": "google.appengine.v1.Versions.CreateVersion",
        "target": "apps/fleet-space-404401/services/bookshelf/versions/20231110t161933",
        "user": "idubi.spam@gmail.com"
    },
    "name": "apps/fleet-space-404401/operations/7d9fb53b-9871-47a6-a3c1-aec8f241c84e",
    "response": {
        "@type": "type.googleapis.com/google.appengine.v1.Version",
        "createTime": "2023-11-10T14:20:19Z",
        "diskUsageBytes": "47723633",
        "env": "standard",
        "id": "20231110t161933",
        "instanceClass": "F2",
        "name": "apps/fleet-space-404401/services/bookshelf/versions/20231110t161933",
        "network": {},
        "runtime": "nodejs20",
        "runtimeChannel": "default",
        "servingStatus": "SERVING",
        "threadsafe": true,
        "versionUrl": "https://20231110t161933-dot-bookshelf-dot-fleet-space-404401.appspot.com"
    }
}
2023-11-10 16:20:32,709 DEBUG    root            Operation [apps/fleet-space-404401/operations/a27ac983-34d8-4a5d-8a9e-3d419743b5d1] not complete. Waiting to retry.
2023-11-10 16:20:32,726 INFO     ___FILE_ONLY___ Setting traffic split for service [bookshelf]...
2023-11-10 16:20:34,077 DEBUG    root            Operation [apps/fleet-space-404401/operations/a27ac983-34d8-4a5d-8a9e-3d419743b5d1] not complete. Waiting to retry.
2023-11-10 16:20:40,051 DEBUG    root            Operation [apps/fleet-space-404401/operations/a27ac983-34d8-4a5d-8a9e-3d419743b5d1] complete. Result: {
    "done": true,
    "metadata": {
        "@type": "type.googleapis.com/google.appengine.v1.OperationMetadataV1",
        "endTime": "2023-11-10T14:20:38.557Z",
        "insertTime": "2023-11-10T14:20:32.894Z",
        "method": "google.appengine.v1.Services.UpdateService",
        "target": "apps/fleet-space-404401/services/bookshelf",
        "user": "idubi.spam@gmail.com"
    },
    "name": "apps/fleet-space-404401/operations/a27ac983-34d8-4a5d-8a9e-3d419743b5d1",
    "response": {
        "@type": "type.googleapis.com/google.appengine.v1.Service",
        "id": "bookshelf",
        "name": "apps/fleet-space-404401/services/bookshelf",
        "split": {
            "allocations": {
                "20231110t161933": 1
            }
        }
    }
}
2023-11-10 16:20:40,138 INFO     root            Previous default version [fleet-space-404401/bookshelf/20231110t160543] is an automatically scaled standard environment app, so not stopping it.
2023-11-10 16:20:40,138 INFO     ___FILE_ONLY___ Deployed service [bookshelf] to [https://bookshelf-dot-fleet-space-404401.uc.r.appspot.com]

2023-11-10 16:20:40,139 INFO     ___FILE_ONLY___ 
You can stream logs from the command line by running:
  $ gcloud app logs tail -s bookshelf

2023-11-10 16:20:40,140 INFO     ___FILE_ONLY___ 
To view your application in the web browser run:
  $ gcloud app browse -s bookshelf

2023-11-10 16:20:40,141 DEBUG    root            Chosen display Format:none
2023-11-10 16:20:40,141 INFO     root            Display format: "none"
2023-11-10 16:20:40,158 DEBUG    root            Metrics reporting process started...
