2023-11-10 16:31:29,199 DEBUG    root            Loaded Command Group: ['gcloud', 'app']
2023-11-10 16:31:29,673 DEBUG    root            Loaded Command Group: ['gcloud', 'app', 'deploy']
2023-11-10 16:31:29,676 DEBUG    root            Loaded Command Group: ['gcloud', 'app', 'create']
2023-11-10 16:31:29,677 DEBUG    root            Loaded Command Group: ['gcloud', 'app', 'ssl_certificates']
2023-11-10 16:31:29,679 DEBUG    root            Loaded Command Group: ['gcloud', 'app', 'operations']
2023-11-10 16:31:29,682 DEBUG    root            No implementation for release track [GA] for element: [C:\Program Files (x86)\Google\Cloud SDK\google-cloud-sdk\lib\surface\app\migrate_config]
2023-11-10 16:31:29,684 DEBUG    root            Loaded Command Group: ['gcloud', 'app', 'open_console']
2023-11-10 16:31:29,686 DEBUG    root            Loaded Command Group: ['gcloud', 'app', 'firewall_rules']
2023-11-10 16:31:29,688 DEBUG    root            Loaded Command Group: ['gcloud', 'app', 'versions']
2023-11-10 16:31:29,690 DEBUG    root            Loaded Command Group: ['gcloud', 'app', 'browse']
2023-11-10 16:31:29,694 DEBUG    root            Loaded Command Group: ['gcloud', 'app', 'describe']
2023-11-10 16:31:29,695 DEBUG    root            Loaded Command Group: ['gcloud', 'app', 'services']
2023-11-10 16:31:29,697 DEBUG    root            Loaded Command Group: ['gcloud', 'app', 'regions']
2023-11-10 16:31:29,702 DEBUG    root            Loaded Command Group: ['gcloud', 'app', 'update']
2023-11-10 16:31:29,704 DEBUG    root            Loaded Command Group: ['gcloud', 'app', 'gen_repo_info_file']
2023-11-10 16:31:29,706 DEBUG    root            Loaded Command Group: ['gcloud', 'app', 'logs']
2023-11-10 16:31:29,708 DEBUG    root            No implementation for release track [GA] for element: [C:\Program Files (x86)\Google\Cloud SDK\google-cloud-sdk\lib\surface\app\repair]
2023-11-10 16:31:29,709 DEBUG    root            Loaded Command Group: ['gcloud', 'app', 'instances']
2023-11-10 16:31:29,711 DEBUG    root            Loaded Command Group: ['gcloud', 'app', 'domain_mappings']
2023-11-10 16:31:29,714 DEBUG    root            No implementation for release track [GA] for element: [C:\Program Files (x86)\Google\Cloud SDK\google-cloud-sdk\lib\surface\app\gen_config]
2023-11-10 16:31:29,715 DEBUG    root            Loaded Command Group: ['gcloud', 'alpha', 'app']
2023-11-10 16:31:29,719 DEBUG    root            Loaded Command Group: ['gcloud', 'beta', 'app']
2023-11-10 16:31:29,722 ERROR    root            (gcloud.app) Invalid choice: 'stop'.
2023-11-10 16:31:30,160 DEBUG    root            Metrics reporting process started...
