2023-11-10 16:31:49,609 DEBUG    root            Loaded Command Group: ['gcloud', 'dns']
2023-11-10 16:31:49,612 DEBUG    root            Loaded Command Group: ['gcloud', 'edge_cloud']
2023-11-10 16:31:49,614 DEBUG    root            No implementation for release track [GA] for element: [C:\Program Files (x86)\Google\Cloud SDK\google-cloud-sdk\lib\surface\telco_automation]
2023-11-10 16:31:49,615 DEBUG    root            Loaded Command Group: ['gcloud', 'essential_contacts']
2023-11-10 16:31:49,656 DEBUG    root            Loaded Command Group: ['gcloud', 'ml_engine']
2023-11-10 16:31:49,666 DEBUG    root            Loaded Command Group: ['gcloud', 'survey']
2023-11-10 16:31:49,668 DEBUG    root            No implementation for release track [GA] for element: [C:\Program Files (x86)\Google\Cloud SDK\google-cloud-sdk\lib\surface\network_actions]
2023-11-10 16:31:49,669 DEBUG    root            Loaded Command Group: ['gcloud', 'identity']
2023-11-10 16:31:49,671 DEBUG    root            Loaded Command Group: ['gcloud', 'transcoder']
2023-11-10 16:31:49,673 DEBUG    root            No implementation for release track [GA] for element: [C:\Program Files (x86)\Google\Cloud SDK\google-cloud-sdk\lib\surface\remote_build_execution]
2023-11-10 16:31:49,674 DEBUG    root            Loaded Command Group: ['gcloud', 'dataflow']
2023-11-10 16:31:49,676 DEBUG    root            Loaded Command Group: ['gcloud', 'firestore']
2023-11-10 16:31:49,679 DEBUG    root            Loaded Command Group: ['gcloud', 'redis']
2023-11-10 16:31:49,681 DEBUG    root            Loaded Command Group: ['gcloud', 'recommender']
2023-11-10 16:31:49,684 DEBUG    root            Loaded Command Group: ['gcloud', 'domains']
2023-11-10 16:31:49,686 DEBUG    root            Loaded Command Group: ['gcloud', 'data_catalog']
2023-11-10 16:31:49,689 DEBUG    root            Loaded Command Group: ['gcloud', 'network_security']
2023-11-10 16:31:49,693 DEBUG    root            Loaded Command Group: ['gcloud', 'composer']
2023-11-10 16:31:49,705 DEBUG    root            Loaded Command Group: ['gcloud', 'info']
2023-11-10 16:31:49,707 DEBUG    root            No implementation for release track [GA] for element: [C:\Program Files (x86)\Google\Cloud SDK\google-cloud-sdk\lib\surface\resource_config]
2023-11-10 16:31:49,708 DEBUG    root            Loaded Command Group: ['gcloud', 'infra_manager']
2023-11-10 16:31:49,734 DEBUG    root            Loaded Command Group: ['gcloud', 'help']
2023-11-10 16:31:49,740 DEBUG    root            Loaded Command Group: ['gcloud', 'immersive_stream']
2023-11-10 16:31:49,746 DEBUG    root            Loaded Command Group: ['gcloud', 'asset']
2023-11-10 16:31:49,749 DEBUG    root            No implementation for release track [GA] for element: [C:\Program Files (x86)\Google\Cloud SDK\google-cloud-sdk\lib\surface\dlp]
2023-11-10 16:31:49,750 DEBUG    root            Loaded Command Group: ['gcloud', 'ai']
2023-11-10 16:31:49,754 DEBUG    root            No implementation for release track [GA] for element: [C:\Program Files (x86)\Google\Cloud SDK\google-cloud-sdk\lib\surface\cbrs_spectrum_access]
2023-11-10 16:31:49,754 DEBUG    root            No implementation for release track [GA] for element: [C:\Program Files (x86)\Google\Cloud SDK\google-cloud-sdk\lib\surface\error_reporting]
2023-11-10 16:31:49,755 DEBUG    root            Loaded Command Group: ['gcloud', 'auth']
2023-11-10 16:31:49,762 DEBUG    root            No implementation for release track [GA] for element: [C:\Program Files (x86)\Google\Cloud SDK\google-cloud-sdk\lib\surface\code]
2023-11-10 16:31:49,763 DEBUG    root            Loaded Command Group: ['gcloud', 'api_gateway']
2023-11-10 16:31:49,766 DEBUG    root            Loaded Command Group: ['gcloud', 'workbench']
2023-11-10 16:31:49,772 DEBUG    root            No implementation for release track [GA] for element: [C:\Program Files (x86)\Google\Cloud SDK\google-cloud-sdk\lib\surface\runapps]
2023-11-10 16:31:49,773 DEBUG    root            Loaded Command Group: ['gcloud', 'network_services']
2023-11-10 16:31:49,778 DEBUG    root            No implementation for release track [GA] for element: [C:\Program Files (x86)\Google\Cloud SDK\google-cloud-sdk\lib\surface\runtime_config]
2023-11-10 16:31:49,779 DEBUG    root            No implementation for release track [GA] for element: [C:\Program Files (x86)\Google\Cloud SDK\google-cloud-sdk\lib\surface\apphub]
2023-11-10 16:31:49,780 DEBUG    root            Loaded Command Group: ['gcloud', 'looker']
2023-11-10 16:31:49,782 DEBUG    root            No implementation for release track [GA] for element: [C:\Program Files (x86)\Google\Cloud SDK\google-cloud-sdk\lib\surface\source_manager]
2023-11-10 16:31:49,783 DEBUG    root            Loaded Command Group: ['gcloud', 'network_connectivity']
2023-11-10 16:31:49,786 DEBUG    root            Loaded Command Group: ['gcloud', 'endpoints']
2023-11-10 16:31:49,788 DEBUG    root            Loaded Command Group: ['gcloud', 'edge_cache']
2023-11-10 16:31:49,790 DEBUG    root            No implementation for release track [GA] for element: [C:\Program Files (x86)\Google\Cloud SDK\google-cloud-sdk\lib\surface\kuberun]
2023-11-10 16:31:49,791 DEBUG    root            No implementation for release track [GA] for element: [C:\Program Files (x86)\Google\Cloud SDK\google-cloud-sdk\lib\surface\dataproc_gdc]
2023-11-10 16:31:49,792 DEBUG    root            No implementation for release track [GA] for element: [C:\Program Files (x86)\Google\Cloud SDK\google-cloud-sdk\lib\surface\blockchain_node_engine]
2023-11-10 16:31:49,793 DEBUG    root            Loaded Command Group: ['gcloud', 'eventarc']
2023-11-10 16:31:49,796 DEBUG    root            Loaded Command Group: ['gcloud', 'privateca']
2023-11-10 16:31:49,798 DEBUG    root            Loaded Command Group: ['gcloud', 'datastream']
2023-11-10 16:31:49,801 DEBUG    root            Loaded Command Group: ['gcloud', 'org_policies']
2023-11-10 16:31:49,806 DEBUG    root            Loaded Command Group: ['gcloud', 'topic']
2023-11-10 16:31:49,810 DEBUG    root            Loaded Command Group: ['gcloud', 'assured']
2023-11-10 16:31:49,812 DEBUG    root            Loaded Command Group: ['gcloud', 'workspace_add_ons']
2023-11-10 16:31:49,814 DEBUG    root            Loaded Command Group: ['gcloud', 'batch']
2023-11-10 16:31:49,817 DEBUG    root            Loaded Command Group: ['gcloud', 'ml']
2023-11-10 16:31:49,819 DEBUG    root            Loaded Command Group: ['gcloud', 'backup_dr']
2023-11-10 16:31:49,822 DEBUG    root            Loaded Command Group: ['gcloud', 'version']
2023-11-10 16:31:49,824 DEBUG    root            Loaded Command Group: ['gcloud', 'deployment_manager']
2023-11-10 16:31:49,826 DEBUG    root            No implementation for release track [GA] for element: [C:\Program Files (x86)\Google\Cloud SDK\google-cloud-sdk\lib\surface\mps]
2023-11-10 16:31:49,827 DEBUG    root            Loaded Command Group: ['gcloud', 'tasks']
2023-11-10 16:31:49,831 DEBUG    root            Loaded Command Group: ['gcloud', 'cheat_sheet']
2023-11-10 16:31:49,849 DEBUG    root            Loaded Command Group: ['gcloud', 'storage']
2023-11-10 16:31:49,853 DEBUG    root            Loaded Command Group: ['gcloud', 'components']
2023-11-10 16:31:49,856 DEBUG    root            Loaded Command Group: ['gcloud', 'emulators']
2023-11-10 16:31:49,858 DEBUG    root            No implementation for release track [GA] for element: [C:\Program Files (x86)\Google\Cloud SDK\google-cloud-sdk\lib\surface\lifesciences]
2023-11-10 16:31:49,859 DEBUG    root            No implementation for release track [GA] for element: [C:\Program Files (x86)\Google\Cloud SDK\google-cloud-sdk\lib\surface\trace]
2023-11-10 16:31:49,860 DEBUG    root            Loaded Command Group: ['gcloud', 'metastore']
2023-11-10 16:31:49,862 DEBUG    root            No implementation for release track [GA] for element: [C:\Program Files (x86)\Google\Cloud SDK\google-cloud-sdk\lib\surface\dialogflow]
2023-11-10 16:31:49,863 DEBUG    root            No implementation for release track [GA] for element: [C:\Program Files (x86)\Google\Cloud SDK\google-cloud-sdk\lib\surface\beyondcorp]
2023-11-10 16:31:49,864 DEBUG    root            Loaded Command Group: ['gcloud', 'iot']
2023-11-10 16:31:49,867 DEBUG    root            Loaded Command Group: ['gcloud', 'ids']
2023-11-10 16:31:49,869 DEBUG    root            Loaded Command Group: ['gcloud', 'database_migration']
2023-11-10 16:31:50,002 DEBUG    root            Loaded Command Group: ['gcloud', 'builds']
2023-11-10 16:31:50,005 DEBUG    root            Loaded Command Group: ['gcloud', 'service_directory']
2023-11-10 16:31:50,008 DEBUG    root            No implementation for release track [GA] for element: [C:\Program Files (x86)\Google\Cloud SDK\google-cloud-sdk\lib\surface\fault_injection]
2023-11-10 16:31:50,009 DEBUG    root            No implementation for release track [GA] for element: [C:\Program Files (x86)\Google\Cloud SDK\google-cloud-sdk\lib\surface\data_fusion]
2023-11-10 16:31:50,010 DEBUG    root            Loaded Command Group: ['gcloud', 'kms']
2023-11-10 16:31:50,234 DEBUG    root            No implementation for release track [GA] for element: [C:\Program Files (x86)\Google\Cloud SDK\google-cloud-sdk\lib\surface\interactive]
2023-11-10 16:31:50,235 DEBUG    root            Loaded Command Group: ['gcloud', 'filestore']
2023-11-10 16:31:50,238 DEBUG    root            Loaded Command Group: ['gcloud', 'notebooks']
2023-11-10 16:31:50,241 DEBUG    root            Loaded Command Group: ['gcloud', 'workstations']
2023-11-10 16:31:50,244 DEBUG    root            Loaded Command Group: ['gcloud', 'projects']
2023-11-10 16:31:50,247 DEBUG    root            Loaded Command Group: ['gcloud', 'config']
2023-11-10 16:31:50,250 DEBUG    root            Loaded Command Group: ['gcloud', 'services']
2023-11-10 16:31:50,253 DEBUG    root            Loaded Command Group: ['gcloud', 'billing']
2023-11-10 16:31:50,259 DEBUG    root            Loaded Command Group: ['gcloud', 'docker']
2023-11-10 16:31:50,261 DEBUG    root            No implementation for release track [GA] for element: [C:\Program Files (x86)\Google\Cloud SDK\google-cloud-sdk\lib\surface\datapipelines]
2023-11-10 16:31:50,262 DEBUG    root            Loaded Command Group: ['gcloud', 'dataproc']
2023-11-10 16:31:50,265 DEBUG    root            Loaded Command Group: ['gcloud', 'secrets']
2023-11-10 16:31:50,268 DEBUG    root            Loaded Command Group: ['gcloud', 'recaptcha']
2023-11-10 16:31:50,275 DEBUG    root            Loaded Command Group: ['gcloud', 'init']
2023-11-10 16:31:50,282 DEBUG    root            Loaded Command Group: ['gcloud', 'functions']
2023-11-10 16:31:50,285 DEBUG    root            No implementation for release track [GA] for element: [C:\Program Files (x86)\Google\Cloud SDK\google-cloud-sdk\lib\surface\media]
2023-11-10 16:31:50,286 DEBUG    root            Loaded Command Group: ['gcloud', 'workflows']
2023-11-10 16:31:50,288 DEBUG    root            Loaded Command Group: ['gcloud', 'source']
2023-11-10 16:31:50,291 DEBUG    root            Loaded Command Group: ['gcloud', 'alloydb']
2023-11-10 16:31:50,294 DEBUG    root            No implementation for release track [GA] for element: [C:\Program Files (x86)\Google\Cloud SDK\google-cloud-sdk\lib\surface\commerce_procurement]
2023-11-10 16:31:50,295 DEBUG    root            Loaded Command Group: ['gcloud', 'scheduler']
2023-11-10 16:31:50,297 DEBUG    root            No implementation for release track [GA] for element: [C:\Program Files (x86)\Google\Cloud SDK\google-cloud-sdk\lib\surface\quotas]
2023-11-10 16:31:50,298 DEBUG    root            Loaded Command Group: ['gcloud', 'spanner']
2023-11-10 16:31:50,301 DEBUG    root            Loaded Command Group: ['gcloud', 'bms']
2023-11-10 16:31:50,303 DEBUG    root            No implementation for release track [GA] for element: [C:\Program Files (x86)\Google\Cloud SDK\google-cloud-sdk\lib\surface\parallelstore]
2023-11-10 16:31:50,304 DEBUG    root            No implementation for release track [GA] for element: [C:\Program Files (x86)\Google\Cloud SDK\google-cloud-sdk\lib\surface\bq]
2023-11-10 16:31:50,305 DEBUG    root            Loaded Command Group: ['gcloud', 'deploy']
2023-11-10 16:31:50,309 DEBUG    root            Loaded Command Group: ['gcloud', 'resource_manager']
2023-11-10 16:31:50,312 DEBUG    root            Loaded Command Group: ['gcloud', 'cloud_shell']
2023-11-10 16:31:50,314 DEBUG    root            Loaded Command Group: ['gcloud', 'app']
2023-11-10 16:31:50,320 DEBUG    root            Loaded Command Group: ['gcloud', 'monitoring']
2023-11-10 16:31:50,326 DEBUG    root            Loaded Command Group: ['gcloud', 'healthcare']
2023-11-10 16:31:50,332 DEBUG    root            Loaded Command Group: ['gcloud', 'active_directory']
2023-11-10 16:31:50,337 DEBUG    root            Loaded Command Group: ['gcloud', 'access_context_manager']
2023-11-10 16:31:50,343 DEBUG    root            Loaded Command Group: ['gcloud', 'iam']
2023-11-10 16:31:50,348 DEBUG    root            Loaded Command Group: ['gcloud', 'sql']
2023-11-10 16:31:50,352 DEBUG    root            Loaded Command Group: ['gcloud', 'resource_settings']
2023-11-10 16:31:50,356 DEBUG    root            Loaded Command Group: ['gcloud', 'feedback']
2023-11-10 16:31:50,358 DEBUG    root            No implementation for release track [GA] for element: [C:\Program Files (x86)\Google\Cloud SDK\google-cloud-sdk\lib\surface\authz_toolkit]
2023-11-10 16:31:50,359 DEBUG    root            Loaded Command Group: ['gcloud', 'network_management']
2023-11-10 16:31:50,362 DEBUG    root            Loaded Command Group: ['gcloud', 'artifacts']
2023-11-10 16:31:50,365 DEBUG    root            Loaded Command Group: ['gcloud', 'run']
2023-11-10 16:31:50,368 DEBUG    root            Loaded Command Group: ['gcloud', 'vmware']
2023-11-10 16:31:50,371 DEBUG    root            Loaded Command Group: ['gcloud', 'ai_platform']
2023-11-10 16:31:50,374 DEBUG    root            Loaded Command Group: ['gcloud', 'publicca']
2023-11-10 16:31:50,376 DEBUG    root            No implementation for release track [GA] for element: [C:\Program Files (x86)\Google\Cloud SDK\google-cloud-sdk\lib\surface\service_extensions]
2023-11-10 16:31:50,377 DEBUG    root            Loaded Command Group: ['gcloud', 'certificate_manager']
2023-11-10 16:31:50,380 DEBUG    root            Loaded Command Group: ['gcloud', 'memcache']
2023-11-10 16:31:50,382 DEBUG    root            No implementation for release track [GA] for element: [C:\Program Files (x86)\Google\Cloud SDK\google-cloud-sdk\lib\surface\microservices]
2023-11-10 16:31:50,383 DEBUG    root            Loaded Command Group: ['gcloud', 'policy_troubleshoot']
2023-11-10 16:31:50,385 DEBUG    root            Loaded Command Group: ['gcloud', 'meta']
2023-11-10 16:31:50,388 DEBUG    root            Loaded Command Group: ['gcloud', 'dataplex']
2023-11-10 16:31:50,392 DEBUG    root            No implementation for release track [GA] for element: [C:\Program Files (x86)\Google\Cloud SDK\google-cloud-sdk\lib\surface\genomics]
2023-11-10 16:31:50,393 DEBUG    root            Loaded Command Group: ['gcloud', 'transfer']
2023-11-10 16:31:50,474 DEBUG    root            Loaded Command Group: ['gcloud', 'compute']
2023-11-10 16:31:50,484 DEBUG    root            Loaded Command Group: ['gcloud', 'logging']
2023-11-10 16:31:50,488 DEBUG    root            Loaded Command Group: ['gcloud', 'pubsub']
2023-11-10 16:31:50,491 DEBUG    root            Loaded Command Group: ['gcloud', 'datastore']
2023-11-10 16:31:50,493 DEBUG    root            No implementation for release track [GA] for element: [C:\Program Files (x86)\Google\Cloud SDK\google-cloud-sdk\lib\surface\orglifecycle]
2023-11-10 16:31:50,494 DEBUG    root            Loaded Command Group: ['gcloud', 'apigee']
2023-11-10 16:31:50,497 DEBUG    root            Loaded Command Group: ['gcloud', 'netapp']
2023-11-10 16:31:50,500 DEBUG    root            No implementation for release track [GA] for element: [C:\Program Files (x86)\Google\Cloud SDK\google-cloud-sdk\lib\surface\spectrum_access]
2023-11-10 16:31:50,501 DEBUG    root            No implementation for release track [GA] for element: [C:\Program Files (x86)\Google\Cloud SDK\google-cloud-sdk\lib\surface\web_security_scanner]
2023-11-10 16:31:50,502 DEBUG    root            Loaded Command Group: ['gcloud', 'organizations']
2023-11-10 16:31:50,504 DEBUG    root            Loaded Command Group: ['gcloud', 'iap']
2023-11-10 16:31:50,507 DEBUG    root            Loaded Command Group: ['gcloud', 'policy_intelligence']
2023-11-10 16:31:50,510 DEBUG    root            No implementation for release track [GA] for element: [C:\Program Files (x86)\Google\Cloud SDK\google-cloud-sdk\lib\surface\terraform]
2023-11-10 16:31:50,511 DEBUG    root            Loaded Command Group: ['gcloud', 'access_approval']
2023-11-10 16:31:50,514 DEBUG    root            Loaded Command Group: ['gcloud', 'anthos']
2023-11-10 16:31:50,516 DEBUG    root            Loaded Command Group: ['gcloud', 'firebase']
2023-11-10 16:31:50,518 DEBUG    root            Loaded Command Group: ['gcloud', 'bigtable']
2023-11-10 16:31:50,520 DEBUG    root            Loaded Command Group: ['gcloud', 'scc']
2023-11-10 16:31:50,523 ERROR    root            (gcloud) Invalid choice: 'servcie'.
2023-11-10 16:31:50,984 DEBUG    root            Metrics reporting process started...
