2023-11-10 16:30:55,868 DEBUG    root            Loaded Command Group: ['gcloud', 'app']
2023-11-10 16:30:56,324 DEBUG    root            Loaded Command Group: ['gcloud', 'app', 'browse']
2023-11-10 16:30:56,330 DEBUG    root            Loaded Command Group: ['gcloud', 'app', 'update']
2023-11-10 16:30:56,336 DEBUG    root            No implementation for release track [GA] for element: [C:\Program Files (x86)\Google\Cloud SDK\google-cloud-sdk\lib\surface\app\gen_config]
2023-11-10 16:30:56,337 DEBUG    root            Loaded Command Group: ['gcloud', 'app', 'regions']
2023-11-10 16:30:56,339 DEBUG    root            Loaded Command Group: ['gcloud', 'app', 'services']
2023-11-10 16:30:56,341 DEBUG    root            Loaded Command Group: ['gcloud', 'app', 'versions']
2023-11-10 16:30:56,345 DEBUG    root            Loaded Command Group: ['gcloud', 'app', 'operations']
2023-11-10 16:30:56,347 DEBUG    root            Loaded Command Group: ['gcloud', 'app', 'firewall_rules']
2023-11-10 16:30:56,351 DEBUG    root            Loaded Command Group: ['gcloud', 'app', 'create']
2023-11-10 16:30:56,352 DEBUG    root            Loaded Command Group: ['gcloud', 'app', 'logs']
2023-11-10 16:30:56,355 DEBUG    root            No implementation for release track [GA] for element: [C:\Program Files (x86)\Google\Cloud SDK\google-cloud-sdk\lib\surface\app\migrate_config]
2023-11-10 16:30:56,433 DEBUG    root            Loaded Command Group: ['gcloud', 'app', 'deploy']
2023-11-10 16:30:56,437 DEBUG    root            Loaded Command Group: ['gcloud', 'app', 'open_console']
2023-11-10 16:30:56,439 DEBUG    root            Loaded Command Group: ['gcloud', 'app', 'gen_repo_info_file']
2023-11-10 16:30:56,441 DEBUG    root            Loaded Command Group: ['gcloud', 'app', 'domain_mappings']
2023-11-10 16:30:56,443 DEBUG    root            Loaded Command Group: ['gcloud', 'app', 'describe']
2023-11-10 16:30:56,445 DEBUG    root            Loaded Command Group: ['gcloud', 'app', 'instances']
2023-11-10 16:30:56,448 DEBUG    root            Loaded Command Group: ['gcloud', 'app', 'ssl_certificates']
2023-11-10 16:30:56,451 DEBUG    root            No implementation for release track [GA] for element: [C:\Program Files (x86)\Google\Cloud SDK\google-cloud-sdk\lib\surface\app\repair]
2023-11-10 16:30:56,452 DEBUG    root            Loaded Command Group: ['gcloud', 'alpha', 'app']
2023-11-10 16:30:56,456 DEBUG    root            Loaded Command Group: ['gcloud', 'beta', 'app']
2023-11-10 16:30:56,459 ERROR    root            (gcloud.app) Invalid choice: 'service'.
2023-11-10 16:30:56,934 DEBUG    root            Metrics reporting process started...
